2023-03-03T09:40:31.7456307 401 : [no body]
2023-03-03T09:47:45.5521412 401 : [no body]
2023-03-03T09:47:53.7219024 401 : [no body]
2023-03-03T09:50:54.3674673 401 : [no body]
2023-03-03T09:51:28.562968 401 : [no body]
2023-03-03T09:52:05.3196624 401 : [no body]
2023-03-03T09:52:57.5142733 401 : [no body]
2023-03-03T09:55:55.5987188 401 : [no body]
2023-03-03T09:56:32.8693831 401 : [no body]
2023-03-03T09:58:16.8200159 401 : [no body]
2023-03-03T09:58:57.9442658 401 : [no body]
2023-03-03T10:03:37.8307396 401 : [no body]
2023-03-03T10:03:44.1743214 401 : [no body]
2023-03-03T10:04:03.6823296 401 : [no body]
2023-03-03T10:04:08.9513289 401 : [no body]
2023-03-03T10:04:29.753804 401 : [no body]
2023-03-03T10:04:35.8136874 401 : [no body]
2023-03-03T16:23:36.96858 401 : [{"timestamp":"2023-03-03T23:23:36.950+00:00","status":401,"error":"Unauthorized","message":"Full authentication is required to access this resource","path":"/user/"}]
2023-03-03T17:01:28.0170866 401 : [{"timestamp":"2023-03-04T00:01:28.003+00:00","status":401,"error":"Unauthorized","message":"Full authentication is required to access this resource","path":"/user/"}]
2023-03-03T17:51:40.6761718 401 : [no body]
2023-03-03T17:54:02.1077816 401 : [no body]
2023-03-03T18:16:19.6673353 401 : [no body]
2023-03-03T18:19:24.6362648 500 : [{"timestamp":"2023-03-04T01:19:24.628+00:00","status":500,"error":"Internal Server Error","message":"HV000030: No validator could be found for constraint 'javax.validation.constraints.NotBlank' validating type 'java.lang.Integer'. Check configuration for 'userId'","path":"/account/"}]
2023-03-03T18:19:24.6482391 500 : [{"timestamp":"2023-03-04T01:19:24.646+00:00","status":500,"error":"Internal Server Error","message":"HV000030: No validator could be found for constraint 'javax.validation.constraints.NotBlank' validating type 'java.lang.Integer'. Check configuration for 'userId'","path":"/account/"}]
2023-03-03T18:23:30.6770231 500 : [{"timestamp":"2023-03-04T01:23:30.639+00:00","status":500,"error":"Internal Server Error","message":"PreparedStatementCallback; SQL [INSERT INTO tenmo_user (username, password_hash) VALUES (?, ?) RETU... (524 bytes)]
2023-03-03T18:23:48.7643291 500 : [{"timestamp":"2023-03-04T01:23:48.761+00:00","status":500,"error":"Internal Server Error","message":"HV000030: No validator could be found for constraint 'javax.validation.constraints.NotBlank' validating type 'java.lang.Integer'. Check configuration for 'userId'","path":"/account/"}]
2023-03-03T18:23:48.7744494 500 : [{"timestamp":"2023-03-04T01:23:48.772+00:00","status":500,"error":"Internal Server Error","message":"HV000030: No validator could be found for constraint 'javax.validation.constraints.NotBlank' validating type 'java.lang.Integer'. Check configuration for 'userId'","path":"/account/"}]
2023-03-03T18:26:13.2914919 500 : [{"timestamp":"2023-03-04T01:26:13.282+00:00","status":500,"error":"Internal Server Error","message":"HV000030: No validator could be found for constraint 'javax.validation.constraints.NotBlank' validating type 'java.lang.Integer'. Check configuration for 'userId'","path":"/account/"}]
2023-03-03T18:26:13.3014694 500 : [{"timestamp":"2023-03-04T01:26:13.300+00:00","status":500,"error":"Internal Server Error","message":"HV000030: No validator could be found for constraint 'javax.validation.constraints.NotBlank' validating type 'java.lang.Integer'. Check configuration for 'userId'","path":"/account/"}]
2023-03-03T18:27:17.7010641 500 : [{"timestamp":"2023-03-04T01:27:17.689+00:00","status":500,"error":"Internal Server Error","message":"HV000030: No validator could be found for constraint 'javax.validation.constraints.NotBlank' validating type 'java.lang.Integer'. Check configuration for 'userId'","path":"/account/"}]
2023-03-03T18:27:17.7116015 500 : [{"timestamp":"2023-03-04T01:27:17.710+00:00","status":500,"error":"Internal Server Error","message":"HV000030: No validator could be found for constraint 'javax.validation.constraints.NotBlank' validating type 'java.lang.Integer'. Check configuration for 'userId'","path":"/account/"}]
2023-03-03T18:29:04.0024387 500 : [{"timestamp":"2023-03-04T01:29:03.994+00:00","status":500,"error":"Internal Server Error","message":"HV000030: No validator could be found for constraint 'javax.validation.constraints.NotBlank' validating type 'java.lang.Integer'. Check configuration for 'userId'","path":"/account/"}]
2023-03-03T18:29:04.014257 500 : [{"timestamp":"2023-03-04T01:29:04.011+00:00","status":500,"error":"Internal Server Error","message":"HV000030: No validator could be found for constraint 'javax.validation.constraints.NotBlank' validating type 'java.lang.Integer'. Check configuration for 'userId'","path":"/account/"}]
2023-03-03T18:30:18.1151619 500 : [{"timestamp":"2023-03-04T01:30:18.104+00:00","status":500,"error":"Internal Server Error","message":"HV000030: No validator could be found for constraint 'javax.validation.constraints.NotBlank' validating type 'java.lang.Integer'. Check configuration for 'userId'","path":"/account/"}]
2023-03-03T18:30:18.1254868 500 : [{"timestamp":"2023-03-04T01:30:18.123+00:00","status":500,"error":"Internal Server Error","message":"HV000030: No validator could be found for constraint 'javax.validation.constraints.NotBlank' validating type 'java.lang.Integer'. Check configuration for 'userId'","path":"/account/"}]
2023-03-03T18:33:56.4504594 500 : [{"timestamp":"2023-03-04T01:33:56.439+00:00","status":500,"error":"Internal Server Error","message":"HV000030: No validator could be found for constraint 'javax.validation.constraints.NotEmpty' validating type 'java.lang.Integer'. Check configuration for 'userId'","path":"/account/"}]
2023-03-03T18:33:56.4613147 500 : [{"timestamp":"2023-03-04T01:33:56.459+00:00","status":500,"error":"Internal Server Error","message":"HV000030: No validator could be found for constraint 'javax.validation.constraints.NotEmpty' validating type 'java.lang.Integer'. Check configuration for 'userId'","path":"/account/"}]
2023-03-03T18:38:40.590543 500 : [{"timestamp":"2023-03-04T01:38:40.579+00:00","status":500,"error":"Internal Server Error","message":"HV000030: No validator could be found for constraint 'javax.validation.constraints.NotEmpty' validating type 'java.lang.Integer'. Check configuration for 'userId'","path":"/account/"}]
2023-03-03T18:38:40.6032266 500 : [{"timestamp":"2023-03-04T01:38:40.601+00:00","status":500,"error":"Internal Server Error","message":"HV000030: No validator could be found for constraint 'javax.validation.constraints.NotEmpty' validating type 'java.lang.Integer'. Check configuration for 'userId'","path":"/account/"}]
